# JRE version: Java(TM) SE Runtime Environment 18.9 (11.0.12+8) (build 11.0.12+8-LTS-237)
# Java VM: Java HotSpot(TM) 64-Bit Server VM 18.9 (11.0.12+8-LTS-237, mixed mode, tiered, compressed oops, g1 gc, windows-amd64)
Heap:
 garbage-first heap   total 129024K, used 30534K [0x00000000e0000000, 0x0000000100000000)
  region size 1024K, 18 young (18432K), 3 survivors (3072K)
 Metaspace       used 28221K, capacity 29553K, committed 29948K, reserved 1075200K
  class space    used 3174K, capacity 3696K, committed 3836K, reserved 1048576K
GC Heap History (10 events):
Event: 0.624 GC heap before
{Heap before GC invocations=0 (full 0):
 garbage-first heap   total 129024K, used 14336K [0x00000000e0000000, 0x0000000100000000)
  region size 1024K, 14 young (14336K), 0 survivors (0K)
 Metaspace       used 12408K, capacity 12675K, committed 12800K, reserved 1060864K
  class space    used 1309K, capacity 1412K, committed 1536K, reserved 1048576K
}
Event: 0.627 GC heap after
{Heap after GC invocations=1 (full 0):
 garbage-first heap   total 129024K, used 4432K [0x00000000e0000000, 0x0000000100000000)
  region size 1024K, 2 young (2048K), 2 survivors (2048K)
 Metaspace       used 12408K, capacity 12675K, committed 12800K, reserved 1060864K
  class space    used 1309K, capacity 1412K, committed 1536K, reserved 1048576K
}
Event: 0.856 GC heap before
{Heap before GC invocations=1 (full 0):
 garbage-first heap   total 129024K, used 14672K [0x00000000e0000000, 0x0000000100000000)
  region size 1024K, 12 young (12288K), 2 survivors (2048K)
 Metaspace       used 15279K, capacity 15871K, committed 16000K, reserved 1062912K
  class space    used 1687K, capacity 1894K, committed 1920K, reserved 1048576K
}
Event: 0.861 GC heap after
{Heap after GC invocations=2 (full 0):
 garbage-first heap   total 129024K, used 5298K [0x00000000e0000000, 0x0000000100000000)
  region size 1024K, 1 young (1024K), 1 survivors (1024K)
 Metaspace       used 15279K, capacity 15871K, committed 16000K, reserved 1062912K
  class space    used 1687K, capacity 1894K, committed 1920K, reserved 1048576K
}
Event: 1.262 GC heap before
{Heap before GC invocations=2 (full 0):
 garbage-first heap   total 129024K, used 25778K [0x00000000e0000000, 0x0000000100000000)
  region size 1024K, 23 young (23552K), 1 survivors (1024K)
 Metaspace       used 20463K, capacity 21200K, committed 21248K, reserved 1069056K
  class space    used 2263K, capacity 2543K, committed 2560K, reserved 1048576K
}
Event: 1.267 GC heap after
{Heap after GC invocations=3 (full 0):
 garbage-first heap   total 129024K, used 7717K [0x00000000e0000000, 0x0000000100000000)
  region size 1024K, 4 young (4096K), 4 survivors (4096K)
 Metaspace       used 20463K, capacity 21200K, committed 21248K, reserved 1069056K
  class space    used 2263K, capacity 2543K, committed 2560K, reserved 1048576K
}
Event: 1.860 GC heap before
{Heap before GC invocations=4 (full 0):
 garbage-first heap   total 129024K, used 44581K [0x00000000e0000000, 0x0000000100000000)
  region size 1024K, 38 young (38912K), 4 survivors (4096K)
 Metaspace       used 25170K, capacity 26302K, committed 26364K, reserved 1073152K
  class space    used 2795K, capacity 3297K, committed 3324K, reserved 1048576K
}
Event: 1.871 GC heap after
{Heap after GC invocations=5 (full 0):
 garbage-first heap   total 129024K, used 13471K [0x00000000e0000000, 0x0000000100000000)
  region size 1024K, 5 young (5120K), 5 survivors (5120K)
 Metaspace       used 25170K, capacity 26302K, committed 26364K, reserved 1073152K
  class space    used 2795K, capacity 3297K, committed 3324K, reserved 1048576K
}
Event: 2.091 GC heap before
{Heap before GC invocations=5 (full 0):
 garbage-first heap   total 129024K, used 34975K [0x00000000e0000000, 0x0000000100000000)
  region size 1024K, 26 young (26624K), 5 survivors (5120K)
 Metaspace       used 25806K, capacity 27099K, committed 27260K, reserved 1073152K
  class space    used 2876K, capacity 3415K, committed 3452K, reserved 1048576K
}
Event: 2.102 GC heap after
{Heap after GC invocations=6 (full 0):
 garbage-first heap   total 129024K, used 16198K [0x00000000e0000000, 0x0000000100000000)
  region size 1024K, 3 young (3072K), 3 survivors (3072K)
 Metaspace       used 25806K, capacity 27099K, committed 27260K, reserved 1073152K
  class space    used 2876K, capacity 3415K, committed 3452K, reserved 1048576K
}

